<?xml version="1.0" encoding="UTF-8"?>
<coverage generated="1490043381083" clover="3.2.0">
  <project timestamp="1490043381084" name="All files">
    <metrics statements="9" coveredstatements="1" conditionals="6" coveredconditionals="0" methods="7" coveredmethods="1" elements="22" coveredelements="2" complexity="0" loc="9" ncloc="9" packages="2" files="3" classes="3">
      <package name="src">
        <metrics statements="4" coveredstatements="1" conditionals="4" coveredconditionals="0" methods="2" coveredmethods="1"/>
        <file name="App.js" path="/Users/n0290892/components/voting-client/src/App.js">
          <metrics statements="1" coveredstatements="1" conditionals="0" coveredconditionals="0" methods="1" coveredmethods="1"/>
          <line num="7" count="1" type="stmt"/>
        </file>
        <file name="index.js" path="/Users/n0290892/components/voting-client/src/index.js">
          <metrics statements="3" coveredstatements="0" conditionals="4" coveredconditionals="0" methods="1" coveredmethods="0"/>
          <line num="1" count="0" type="stmt"/>
          <line num="3" count="0" type="stmt"/>
          <line num="5" count="0" type="stmt"/>
        </file>
      </package>
      <package name="src.components">
        <metrics statements="5" coveredstatements="0" conditionals="2" coveredconditionals="0" methods="5" coveredmethods="0"/>
        <file name="Voting.js" path="/Users/n0290892/components/voting-client/src/components/Voting.js">
          <metrics statements="5" coveredstatements="0" conditionals="2" coveredconditionals="0" methods="5" coveredmethods="0"/>
          <line num="5" count="0" type="stmt"/>
          <line num="8" count="0" type="stmt"/>
          <line num="11" count="0" type="stmt"/>
          <line num="13" count="0" type="stmt"/>
          <line num="15" count="0" type="stmt"/>
        </file>
      </package>
    </metrics>
  </project>
</coverage>
