{"/Users/n0290892/components/voting-client/src/App.js": {"path":"/Users/n0290892/components/voting-client/src/App.js","statementMap":{"0":{"start":{"line":7,"column":4},"end":{"line":17,"column":6}}},"fnMap":{"0":{"name":"(anonymous_0)","decl":{"start":{"line":6,"column":2},"end":{"line":6,"column":3}},"loc":{"start":{"line":6,"column":11},"end":{"line":18,"column":3}}}},"branchMap":{},"s":{"0":1},"f":{"0":1},"b":{},"_coverageSchema":"332fd63041d2c1bcb487cc26dd0d5f7d97098a6c","hash":"45592064426101689ecc6ea21d2d4fd8eb0015b7"}
,"/Users/n0290892/components/voting-client/src/index.js": {"path":"/Users/n0290892/components/voting-client/src/index.js","statementMap":{"0":{"start":{"line":1,"column":58},"end":{"line":1,"column":113}},"1":{"start":{"line":3,"column":183},"end":{"line":3,"column":237}},"2":{"start":{"line":5,"column":13},"end":{"line":5,"column":47}}},"fnMap":{"0":{"name":"_interopRequireDefault","decl":{"start":{"line":3,"column":154},"end":{"line":3,"column":176}},"loc":{"start":{"line":3,"column":182},"end":{"line":3,"column":238}}}},"branchMap":{"0":{"loc":{"start":{"line":3,"column":190},"end":{"line":3,"column":236}},"type":"cond-expr","locations":[{"start":{"line":3,"column":214},"end":{"line":3,"column":217}},{"start":{"line":3,"column":220},"end":{"line":3,"column":236}}]},"1":{"loc":{"start":{"line":3,"column":190},"end":{"line":3,"column":211}},"type":"binary-expr","locations":[{"start":{"line":3,"column":190},"end":{"line":3,"column":193}},{"start":{"line":3,"column":197},"end":{"line":3,"column":211}}]}},"s":{"0":0,"1":0,"2":0},"f":{"0":0},"b":{"0":[0,0],"1":[0,0]}}
,"/Users/n0290892/components/voting-client/src/components/Voting.js": {"path":"/Users/n0290892/components/voting-client/src/components/Voting.js","statementMap":{"0":{"start":{"line":5,"column":4},"end":{"line":5,"column":33}},"1":{"start":{"line":8,"column":4},"end":{"line":8,"column":33}},"2":{"start":{"line":11,"column":4},"end":{"line":20,"column":11}},"3":{"start":{"line":13,"column":8},"end":{"line":18,"column":17}},"4":{"start":{"line":15,"column":25},"end":{"line":15,"column":47}}},"fnMap":{"0":{"name":"(anonymous_0)","decl":{"start":{"line":4,"column":11},"end":{"line":4,"column":12}},"loc":{"start":{"line":4,"column":22},"end":{"line":6,"column":3}}},"1":{"name":"(anonymous_1)","decl":{"start":{"line":7,"column":14},"end":{"line":7,"column":15}},"loc":{"start":{"line":7,"column":25},"end":{"line":9,"column":3}}},"2":{"name":"(anonymous_2)","decl":{"start":{"line":10,"column":10},"end":{"line":10,"column":11}},"loc":{"start":{"line":10,"column":21},"end":{"line":21,"column":3}}},"3":{"name":"(anonymous_3)","decl":{"start":{"line":12,"column":26},"end":{"line":12,"column":27}},"loc":{"start":{"line":13,"column":8},"end":{"line":18,"column":17}}},"4":{"name":"(anonymous_4)","decl":{"start":{"line":15,"column":19},"end":{"line":15,"column":20}},"loc":{"start":{"line":15,"column":25},"end":{"line":15,"column":47}}}},"branchMap":{"0":{"loc":{"start":{"line":5,"column":11},"end":{"line":5,"column":32}},"type":"binary-expr","locations":[{"start":{"line":5,"column":11},"end":{"line":5,"column":26}},{"start":{"line":5,"column":30},"end":{"line":5,"column":32}}]}},"s":{"0":0,"1":0,"2":0,"3":0,"4":0},"f":{"0":0,"1":0,"2":0,"3":0,"4":0},"b":{"0":[0,0]},"_coverageSchema":"332fd63041d2c1bcb487cc26dd0d5f7d97098a6c","hash":"6e2d48fe02485830a5cda36decc57c116d806232"}
}
